[debug] [2024-12-18T16:21:26.228Z] ----------------------------------------------------------------------
[debug] [2024-12-18T16:21:26.229Z] Command:       /opt/homebrew/Cellar/node/23.2.0_1/bin/node /opt/homebrew/bin/firebase init functions
[debug] [2024-12-18T16:21:26.230Z] CLI Version:   13.29.1
[debug] [2024-12-18T16:21:26.230Z] Platform:      darwin
[debug] [2024-12-18T16:21:26.230Z] Node Version:  v23.2.0
[debug] [2024-12-18T16:21:26.230Z] Time:          Wed Dec 18 2024 21:51:26 GMT+0530 (India Standard Time)
[debug] [2024-12-18T16:21:26.230Z] ----------------------------------------------------------------------
[debug] 
[debug] [2024-12-18T16:21:26.231Z] >>> [apiv2][query] GET https://firebase-public.firebaseio.com/cli.json [none]
[debug] [2024-12-18T16:21:26.246Z] > command requires scopes: ["email","openid","https://www.googleapis.com/auth/cloudplatformprojects.readonly","https://www.googleapis.com/auth/firebase","https://www.googleapis.com/auth/cloud-platform"]
[debug] [2024-12-18T16:21:26.246Z] > authorizing via signed-in user (2023.shikhas@isu.ac.in)
[info] 
     ######## #### ########  ######## ########     ###     ######  ########
     ##        ##  ##     ## ##       ##     ##  ##   ##  ##       ##
     ######    ##  ########  ######   ########  #########  ######  ######
     ##        ##  ##    ##  ##       ##     ## ##     ##       ## ##
     ##       #### ##     ## ######## ########  ##     ##  ######  ########

You're about to initialize a Firebase project in this directory:

  /Users/shikhasingh/Desktop/skywardScholars/skywardScholarsBackend

[info] 
=== Project Setup
[info] 
[info] First, let's associate this project directory with a Firebase project.
[info] You can create multiple project aliases by running firebase use --add, 
[info] but for now we'll just set up a default project.
[info] 
[debug] [2024-12-18T16:21:27.018Z] <<< [apiv2][status] GET https://firebase-public.firebaseio.com/cli.json 200
[debug] [2024-12-18T16:21:27.018Z] <<< [apiv2][body] GET https://firebase-public.firebaseio.com/cli.json {"cloudBuildErrorAfter":1594252800000,"cloudBuildWarnAfter":1590019200000,"defaultNode10After":1594252800000,"minVersion":"3.0.5","node8DeploysDisabledAfter":1613390400000,"node8RuntimeDisabledAfter":1615809600000,"node8WarnAfter":1600128000000}
[debug] [2024-12-18T16:21:34.215Z] Checked if tokens are valid: false, expires at: 1733992555124
[debug] [2024-12-18T16:21:34.216Z] Checked if tokens are valid: false, expires at: 1733992555124
[debug] [2024-12-18T16:21:34.216Z] > refreshing access token with scopes: []
[debug] [2024-12-18T16:21:34.217Z] >>> [apiv2][query] POST https://www.googleapis.com/oauth2/v3/token [none]
[debug] [2024-12-18T16:21:34.217Z] >>> [apiv2][body] POST https://www.googleapis.com/oauth2/v3/token [omitted]
[debug] [2024-12-18T16:21:34.563Z] <<< [apiv2][status] POST https://www.googleapis.com/oauth2/v3/token 400
[debug] [2024-12-18T16:21:34.563Z] <<< [apiv2][body] POST https://www.googleapis.com/oauth2/v3/token [omitted]
[error] Authentication Error: Your credentials are no longer valid. Please run firebase login --reauth

For CI servers and headless environments, generate a new token with firebase login:ci
[error] Authentication Error: Your credentials are no longer valid. Please run firebase login --reauth

For CI servers and headless environments, generate a new token with firebase login:ci
[debug] [2024-12-18T16:21:34.564Z] Authentication Error: Your credentials are no longer valid. Please run firebase login --reauth

For CI servers and headless environments, generate a new token with firebase login:ci
[debug] [2024-12-18T16:21:34.807Z] FirebaseError: Authentication Error: Your credentials are no longer valid. Please run firebase login --reauth

For CI servers and headless environments, generate a new token with firebase login:ci
    at invalidCredentialError (/opt/homebrew/lib/node_modules/firebase-tools/lib/auth.js:147:12)
    at refreshTokens (/opt/homebrew/lib/node_modules/firebase-tools/lib/auth.js:539:15)
    at process.processTicksAndRejections (node:internal/process/task_queues:105:5)
    at async getAccessToken (/opt/homebrew/lib/node_modules/firebase-tools/lib/apiv2.js:42:18)
    at async Client.addAuthHeader (/opt/homebrew/lib/node_modules/firebase-tools/lib/apiv2.js:169:21)
    at async Client.request (/opt/homebrew/lib/node_modules/firebase-tools/lib/apiv2.js:120:34)
    at async getProjectPage (/opt/homebrew/lib/node_modules/firebase-tools/lib/management/projects.js:265:17)
    at async getFirebaseProjectPage (/opt/homebrew/lib/node_modules/firebase-tools/lib/management/projects.js:282:23)
    at async selectProjectInteractively (/opt/homebrew/lib/node_modules/firebase-tools/lib/management/projects.js:122:41)
    at async doSetup (/opt/homebrew/lib/node_modules/firebase-tools/lib/init/features/project.js:89:27)
[error] 
[error] Error: Failed to list Firebase projects. See firebase-debug.log for more info.
